<?xml version="1.0" encoding="UTF-8"?>
<!-- Generated by org.testng.reporters.JUnitReportReporter -->
<testsuite skipped="0" hostname="LAPTOP-OOFO6E2U" name="execrise.Test01" tests="1" failures="0" timestamp="28 Mar 2019 01:57:10 GMT" time="1.198" errors="0">
  <testcase name="mandatorySections" time="1.198" classname="execrise.Test01"/>
</testsuite> <!-- execrise.Test01 -->
