<?xml version="1.0" encoding="UTF-8"?>
<!-- Generated by org.testng.reporters.JUnitReportReporter -->
<testsuite skipped="0" hostname="LAPTOP-OOFO6E2U" name="execrise.Test03" tests="1" failures="0" timestamp="28 Mar 2019 01:57:10 GMT" time="3.908" errors="0">
  <testcase name="priceCheck" time="3.908" classname="execrise.Test03"/>
</testsuite> <!-- execrise.Test03 -->
